<?xml version="1.0" encoding="UTF-8"?>
<!-- Generated by org.testng.reporters.JUnitReportReporter -->
<testsuite hostname="Sangavi" name="testCase.HybridSkipSignIn" tests="1" failures="0" timestamp="18 Mar 2019 02:27:30 GMT" time="4.712" errors="0">
  <testcase name="Skipsign" time="4.712" classname="testCase.HybridSkipSignIn"/>
</testsuite> <!-- testCase.HybridSkipSignIn -->
