<?xml version="1.0" encoding="UTF-8"?>
<!-- Generated by org.testng.reporters.JUnitReportReporter -->
<testsuite hostname="Sangavi" name="testCase.HybridWindows" tests="1" failures="0" timestamp="18 Mar 2019 02:27:30 GMT" time="0.000" errors="0">
  <testcase name="windowsHandle" time="0.000" classname="testCase.HybridWindows"/>
</testsuite> <!-- testCase.HybridWindows -->
